ERROR - 2025-10-31 02:04:34 --> Error connecting to the database: mysqli_sql_exception: Unknown database 'bd_parcial' in C:\xampp\htdocs\parcialpp\ci4_biblioteca\system\Database\MySQLi\Connection.php:201
Stack trace:
#0 C:\xampp\htdocs\parcialpp\ci4_biblioteca\system\Database\MySQLi\Connection.php(201): mysqli->real_connect('localhost', 'root', Object(SensitiveParameterValue), 'bd_parcial', 3306, '', 0)
#1 C:\xampp\htdocs\parcialpp\ci4_biblioteca\system\Database\BaseConnection.php(419): CodeIgniter\Database\MySQLi\Connection->connect(false)
#2 C:\xampp\htdocs\parcialpp\ci4_biblioteca\system\Database\BaseConnection.php(614): CodeIgniter\Database\BaseConnection->initialize()
#3 C:\xampp\htdocs\parcialpp\ci4_biblioteca\system\Database\BaseBuilder.php(1649): CodeIgniter\Database\BaseConnection->query('SELECT *\nFROM `...', Array, false)
#4 C:\xampp\htdocs\parcialpp\ci4_biblioteca\system\Model.php(286): CodeIgniter\Database\BaseBuilder->get()
#5 C:\xampp\htdocs\parcialpp\ci4_biblioteca\system\BaseModel.php(677): CodeIgniter\Model->doFindAll(0, 0)
#6 C:\xampp\htdocs\parcialpp\ci4_biblioteca\app\Controllers\IntegrantesGruposController.php(13): CodeIgniter\BaseModel->findAll()
#7 C:\xampp\htdocs\parcialpp\ci4_biblioteca\system\CodeIgniter.php(933): App\Controllers\IntegrantesGruposController->index()
#8 C:\xampp\htdocs\parcialpp\ci4_biblioteca\system\CodeIgniter.php(507): CodeIgniter\CodeIgniter->runController(Object(App\Controllers\IntegrantesGruposController))
#9 C:\xampp\htdocs\parcialpp\ci4_biblioteca\system\CodeIgniter.php(354): CodeIgniter\CodeIgniter->handleRequest(NULL, Object(Config\Cache), false)
#10 C:\xampp\htdocs\parcialpp\ci4_biblioteca\system\Boot.php(363): CodeIgniter\CodeIgniter->run()
#11 C:\xampp\htdocs\parcialpp\ci4_biblioteca\system\Boot.php(68): CodeIgniter\Boot::runCodeIgniter(Object(CodeIgniter\CodeIgniter))
#12 C:\xampp\htdocs\parcialpp\ci4_biblioteca\public\index.php(59): CodeIgniter\Boot::bootWeb(Object(Config\Paths))
#13 {main}

Next CodeIgniter\Database\Exceptions\DatabaseException: Unknown database 'bd_parcial' in C:\xampp\htdocs\parcialpp\ci4_biblioteca\system\Database\MySQLi\Connection.php:246
Stack trace:
#0 C:\xampp\htdocs\parcialpp\ci4_biblioteca\system\Database\BaseConnection.php(419): CodeIgniter\Database\MySQLi\Connection->connect(false)
#1 C:\xampp\htdocs\parcialpp\ci4_biblioteca\system\Database\BaseConnection.php(614): CodeIgniter\Database\BaseConnection->initialize()
#2 C:\xampp\htdocs\parcialpp\ci4_biblioteca\system\Database\BaseBuilder.php(1649): CodeIgniter\Database\BaseConnection->query('SELECT *\nFROM `...', Array, false)
#3 C:\xampp\htdocs\parcialpp\ci4_biblioteca\system\Model.php(286): CodeIgniter\Database\BaseBuilder->get()
#4 C:\xampp\htdocs\parcialpp\ci4_biblioteca\system\BaseModel.php(677): CodeIgniter\Model->doFindAll(0, 0)
#5 C:\xampp\htdocs\parcialpp\ci4_biblioteca\app\Controllers\IntegrantesGruposController.php(13): CodeIgniter\BaseModel->findAll()
#6 C:\xampp\htdocs\parcialpp\ci4_biblioteca\system\CodeIgniter.php(933): App\Controllers\IntegrantesGruposController->index()
#7 C:\xampp\htdocs\parcialpp\ci4_biblioteca\system\CodeIgniter.php(507): CodeIgniter\CodeIgniter->runController(Object(App\Controllers\IntegrantesGruposController))
#8 C:\xampp\htdocs\parcialpp\ci4_biblioteca\system\CodeIgniter.php(354): CodeIgniter\CodeIgniter->handleRequest(NULL, Object(Config\Cache), false)
#9 C:\xampp\htdocs\parcialpp\ci4_biblioteca\system\Boot.php(363): CodeIgniter\CodeIgniter->run()
#10 C:\xampp\htdocs\parcialpp\ci4_biblioteca\system\Boot.php(68): CodeIgniter\Boot::runCodeIgniter(Object(CodeIgniter\CodeIgniter))
#11 C:\xampp\htdocs\parcialpp\ci4_biblioteca\public\index.php(59): CodeIgniter\Boot::bootWeb(Object(Config\Paths))
#12 {main}
CRITICAL - 2025-10-31 02:04:34 --> CodeIgniter\Database\Exceptions\DatabaseException: Unable to connect to the database.
Main connection [MySQLi]: Unknown database 'bd_parcial'
[Method: GET, Route: integrantesgrupos]
in SYSTEMPATH\Database\BaseConnection.php on line 465.
 1 SYSTEMPATH\Database\BaseConnection.php(614): CodeIgniter\Database\BaseConnection->initialize()
 2 SYSTEMPATH\Database\BaseBuilder.php(1649): CodeIgniter\Database\BaseConnection->query('SELECT *
FROM `integrantes_grupos`', [], false)
 3 SYSTEMPATH\Model.php(286): CodeIgniter\Database\BaseBuilder->get()
 4 SYSTEMPATH\BaseModel.php(677): CodeIgniter\Model->doFindAll(0, 0)
 5 APPPATH\Controllers\IntegrantesGruposController.php(13): CodeIgniter\BaseModel->findAll()
 6 SYSTEMPATH\CodeIgniter.php(933): App\Controllers\IntegrantesGruposController->index()
 7 SYSTEMPATH\CodeIgniter.php(507): CodeIgniter\CodeIgniter->runController(Object(App\Controllers\IntegrantesGruposController))
 8 SYSTEMPATH\CodeIgniter.php(354): CodeIgniter\CodeIgniter->handleRequest(null, Object(Config\Cache), false)
 9 SYSTEMPATH\Boot.php(363): CodeIgniter\CodeIgniter->run()
10 SYSTEMPATH\Boot.php(68): CodeIgniter\Boot::runCodeIgniter(Object(CodeIgniter\CodeIgniter))
11 FCPATH\index.php(59): CodeIgniter\Boot::bootWeb(Object(Config\Paths))
