CRITICAL - 2025-08-13 02:00:03 --> ErrorException: Undefined array key "codigo_autor"
[Method: GET, Route: empleados]
in APPPATH\Views\empleados.php on line 31.
 1 APPPATH\Views\empleados.php(31): CodeIgniter\Debug\Exceptions->errorHandler(2, 'Undefined array key "codigo_autor"', 'C:\\xampp\\htdocs\\PP2025\\ci4_biblioteca\\app\\Views\\empleados.php', 31)
 2 SYSTEMPATH\View\View.php(226): include('C:\\xampp\\htdocs\\PP2025\\ci4_biblioteca\\app\\Views\\empleados.php')
 3 SYSTEMPATH\View\View.php(229): CodeIgniter\View\View->CodeIgniter\View\{closure}()
 4 SYSTEMPATH\Common.php(1167): CodeIgniter\View\View->render('empleados', [], true)
 5 APPPATH\Controllers\EmpleadosController.php(16): view('empleados', [...])
 6 SYSTEMPATH\CodeIgniter.php(933): App\Controllers\EmpleadosController->index()
 7 SYSTEMPATH\CodeIgniter.php(507): CodeIgniter\CodeIgniter->runController(Object(App\Controllers\EmpleadosController))
 8 SYSTEMPATH\CodeIgniter.php(354): CodeIgniter\CodeIgniter->handleRequest(null, Object(Config\Cache), false)
 9 SYSTEMPATH\Boot.php(363): CodeIgniter\CodeIgniter->run()
10 SYSTEMPATH\Boot.php(68): CodeIgniter\Boot::runCodeIgniter(Object(CodeIgniter\CodeIgniter))
11 FCPATH\index.php(59): CodeIgniter\Boot::bootWeb(Object(Config\Paths))
CRITICAL - 2025-08-13 02:00:34 --> ErrorException: Undefined array key "codigo_empleados"
[Method: GET, Route: empleados]
in APPPATH\Views\empleados.php on line 31.
 1 APPPATH\Views\empleados.php(31): CodeIgniter\Debug\Exceptions->errorHandler(2, 'Undefined array key "codigo_empleados"', 'C:\\xampp\\htdocs\\PP2025\\ci4_biblioteca\\app\\Views\\empleados.php', 31)
 2 SYSTEMPATH\View\View.php(226): include('C:\\xampp\\htdocs\\PP2025\\ci4_biblioteca\\app\\Views\\empleados.php')
 3 SYSTEMPATH\View\View.php(229): CodeIgniter\View\View->CodeIgniter\View\{closure}()
 4 SYSTEMPATH\Common.php(1167): CodeIgniter\View\View->render('empleados', [], true)
 5 APPPATH\Controllers\EmpleadosController.php(16): view('empleados', [...])
 6 SYSTEMPATH\CodeIgniter.php(933): App\Controllers\EmpleadosController->index()
 7 SYSTEMPATH\CodeIgniter.php(507): CodeIgniter\CodeIgniter->runController(Object(App\Controllers\EmpleadosController))
 8 SYSTEMPATH\CodeIgniter.php(354): CodeIgniter\CodeIgniter->handleRequest(null, Object(Config\Cache), false)
 9 SYSTEMPATH\Boot.php(363): CodeIgniter\CodeIgniter->run()
10 SYSTEMPATH\Boot.php(68): CodeIgniter\Boot::runCodeIgniter(Object(CodeIgniter\CodeIgniter))
11 FCPATH\index.php(59): CodeIgniter\Boot::bootWeb(Object(Config\Paths))
CRITICAL - 2025-08-13 02:00:37 --> ErrorException: Undefined array key "codigo_empleados"
[Method: GET, Route: empleados]
in APPPATH\Views\empleados.php on line 31.
 1 APPPATH\Views\empleados.php(31): CodeIgniter\Debug\Exceptions->errorHandler(2, 'Undefined array key "codigo_empleados"', 'C:\\xampp\\htdocs\\PP2025\\ci4_biblioteca\\app\\Views\\empleados.php', 31)
 2 SYSTEMPATH\View\View.php(226): include('C:\\xampp\\htdocs\\PP2025\\ci4_biblioteca\\app\\Views\\empleados.php')
 3 SYSTEMPATH\View\View.php(229): CodeIgniter\View\View->CodeIgniter\View\{closure}()
 4 SYSTEMPATH\Common.php(1167): CodeIgniter\View\View->render('empleados', [], true)
 5 APPPATH\Controllers\EmpleadosController.php(16): view('empleados', [...])
 6 SYSTEMPATH\CodeIgniter.php(933): App\Controllers\EmpleadosController->index()
 7 SYSTEMPATH\CodeIgniter.php(507): CodeIgniter\CodeIgniter->runController(Object(App\Controllers\EmpleadosController))
 8 SYSTEMPATH\CodeIgniter.php(354): CodeIgniter\CodeIgniter->handleRequest(null, Object(Config\Cache), false)
 9 SYSTEMPATH\Boot.php(363): CodeIgniter\CodeIgniter->run()
10 SYSTEMPATH\Boot.php(68): CodeIgniter\Boot::runCodeIgniter(Object(CodeIgniter\CodeIgniter))
11 FCPATH\index.php(59): CodeIgniter\Boot::bootWeb(Object(Config\Paths))
