CRITICAL - 2025-08-24 02:23:30 --> ErrorException: Undefined variable $grado
[Method: GET, Route: estados]
in APPPATH\Views\estados.php on line 63.
 1 APPPATH\Views\estados.php(63): CodeIgniter\Debug\Exceptions->errorHandler(2, 'Undefined variable $grado', 'C:\\xampp\\htdocs\\pp2025\\ci4_biblioteca\\app\\Views\\estados.php', 63)
 2 SYSTEMPATH\View\View.php(226): include('C:\\xampp\\htdocs\\pp2025\\ci4_biblioteca\\app\\Views\\estados.php')
 3 SYSTEMPATH\View\View.php(229): CodeIgniter\View\View->CodeIgniter\View\{closure}()
 4 SYSTEMPATH\Common.php(1167): CodeIgniter\View\View->render('estados', [], true)
 5 APPPATH\Controllers\EstadosController.php(16): view('estados', [...])
 6 SYSTEMPATH\CodeIgniter.php(933): App\Controllers\EstadosController->index()
 7 SYSTEMPATH\CodeIgniter.php(507): CodeIgniter\CodeIgniter->runController(Object(App\Controllers\EstadosController))
 8 SYSTEMPATH\CodeIgniter.php(354): CodeIgniter\CodeIgniter->handleRequest(null, Object(Config\Cache), false)
 9 SYSTEMPATH\Boot.php(363): CodeIgniter\CodeIgniter->run()
10 SYSTEMPATH\Boot.php(68): CodeIgniter\Boot::runCodeIgniter(Object(CodeIgniter\CodeIgniter))
11 FCPATH\index.php(59): CodeIgniter\Boot::bootWeb(Object(Config\Paths))
ERROR - 2025-08-24 02:24:21 --> mysqli_sql_exception: Column 'codigo_estado' cannot be null in C:\xampp\htdocs\pp2025\ci4_biblioteca\system\Database\MySQLi\Connection.php:327
Stack trace:
#0 C:\xampp\htdocs\pp2025\ci4_biblioteca\system\Database\MySQLi\Connection.php(327): mysqli->query('INSERT INTO `es...', 0)
#1 C:\xampp\htdocs\pp2025\ci4_biblioteca\system\Database\BaseConnection.php(729): CodeIgniter\Database\MySQLi\Connection->execute('INSERT INTO `es...')
#2 C:\xampp\htdocs\pp2025\ci4_biblioteca\system\Database\BaseConnection.php(646): CodeIgniter\Database\BaseConnection->simpleQuery('INSERT INTO `es...')
#3 C:\xampp\htdocs\pp2025\ci4_biblioteca\system\Database\BaseBuilder.php(2345): CodeIgniter\Database\BaseConnection->query('INSERT INTO `es...', Array, false)
#4 C:\xampp\htdocs\pp2025\ci4_biblioteca\system\Model.php(394): CodeIgniter\Database\BaseBuilder->insert()
#5 C:\xampp\htdocs\pp2025\ci4_biblioteca\system\BaseModel.php(838): CodeIgniter\Model->doInsert(Array)
#6 C:\xampp\htdocs\pp2025\ci4_biblioteca\system\Model.php(797): CodeIgniter\BaseModel->insert(Array, true)
#7 C:\xampp\htdocs\pp2025\ci4_biblioteca\app\Controllers\EstadosController.php(32): CodeIgniter\Model->insert(Array)
#8 C:\xampp\htdocs\pp2025\ci4_biblioteca\system\CodeIgniter.php(933): App\Controllers\EstadosController->agregarEstado()
#9 C:\xampp\htdocs\pp2025\ci4_biblioteca\system\CodeIgniter.php(507): CodeIgniter\CodeIgniter->runController(Object(App\Controllers\EstadosController))
#10 C:\xampp\htdocs\pp2025\ci4_biblioteca\system\CodeIgniter.php(354): CodeIgniter\CodeIgniter->handleRequest(NULL, Object(Config\Cache), false)
#11 C:\xampp\htdocs\pp2025\ci4_biblioteca\system\Boot.php(363): CodeIgniter\CodeIgniter->run()
#12 C:\xampp\htdocs\pp2025\ci4_biblioteca\system\Boot.php(68): CodeIgniter\Boot::runCodeIgniter(Object(CodeIgniter\CodeIgniter))
#13 C:\xampp\htdocs\pp2025\ci4_biblioteca\public\index.php(59): CodeIgniter\Boot::bootWeb(Object(Config\Paths))
#14 {main}
CRITICAL - 2025-08-24 02:24:21 --> CodeIgniter\Database\Exceptions\DatabaseException: Column 'codigo_estado' cannot be null
[Method: POST, Route: agregar_estado]
in SYSTEMPATH\Database\BaseConnection.php on line 684.
 1 SYSTEMPATH\Database\BaseBuilder.php(2345): CodeIgniter\Database\BaseConnection->query('INSERT INTO `estados` (`codigo_estado`, `nombre`) VALUES (:codigo_estado:, :nombre:)', [...], false)
 2 SYSTEMPATH\Model.php(394): CodeIgniter\Database\BaseBuilder->insert()
 3 SYSTEMPATH\BaseModel.php(838): CodeIgniter\Model->doInsert([...])
 4 SYSTEMPATH\Model.php(797): CodeIgniter\BaseModel->insert([...], true)
 5 APPPATH\Controllers\EstadosController.php(32): CodeIgniter\Model->insert([...])
 6 SYSTEMPATH\CodeIgniter.php(933): App\Controllers\EstadosController->agregarEstado()
 7 SYSTEMPATH\CodeIgniter.php(507): CodeIgniter\CodeIgniter->runController(Object(App\Controllers\EstadosController))
 8 SYSTEMPATH\CodeIgniter.php(354): CodeIgniter\CodeIgniter->handleRequest(null, Object(Config\Cache), false)
 9 SYSTEMPATH\Boot.php(363): CodeIgniter\CodeIgniter->run()
10 SYSTEMPATH\Boot.php(68): CodeIgniter\Boot::runCodeIgniter(Object(CodeIgniter\CodeIgniter))
11 FCPATH\index.php(59): CodeIgniter\Boot::bootWeb(Object(Config\Paths))
CRITICAL - 2025-08-24 02:24:21 --> [Caused by] CodeIgniter\Database\Exceptions\DatabaseException: Column 'codigo_estado' cannot be null
in SYSTEMPATH\Database\MySQLi\Connection.php on line 332.
 1 SYSTEMPATH\Database\BaseConnection.php(729): CodeIgniter\Database\MySQLi\Connection->execute('INSERT INTO `estados` (`codigo_estado`, `nombre`) VALUES (NULL, \'perfecto\')')
 2 SYSTEMPATH\Database\BaseConnection.php(646): CodeIgniter\Database\BaseConnection->simpleQuery('INSERT INTO `estados` (`codigo_estado`, `nombre`) VALUES (NULL, \'perfecto\')')
 3 SYSTEMPATH\Database\BaseBuilder.php(2345): CodeIgniter\Database\BaseConnection->query('INSERT INTO `estados` (`codigo_estado`, `nombre`) VALUES (:codigo_estado:, :nombre:)', [...], false)
 4 SYSTEMPATH\Model.php(394): CodeIgniter\Database\BaseBuilder->insert()
 5 SYSTEMPATH\BaseModel.php(838): CodeIgniter\Model->doInsert([...])
 6 SYSTEMPATH\Model.php(797): CodeIgniter\BaseModel->insert([...], true)
 7 APPPATH\Controllers\EstadosController.php(32): CodeIgniter\Model->insert([...])
 8 SYSTEMPATH\CodeIgniter.php(933): App\Controllers\EstadosController->agregarEstado()
 9 SYSTEMPATH\CodeIgniter.php(507): CodeIgniter\CodeIgniter->runController(Object(App\Controllers\EstadosController))
10 SYSTEMPATH\CodeIgniter.php(354): CodeIgniter\CodeIgniter->handleRequest(null, Object(Config\Cache), false)
11 SYSTEMPATH\Boot.php(363): CodeIgniter\CodeIgniter->run()
12 SYSTEMPATH\Boot.php(68): CodeIgniter\Boot::runCodeIgniter(Object(CodeIgniter\CodeIgniter))
13 FCPATH\index.php(59): CodeIgniter\Boot::bootWeb(Object(Config\Paths))
CRITICAL - 2025-08-24 02:24:21 --> [Caused by] mysqli_sql_exception: Column 'codigo_estado' cannot be null
in SYSTEMPATH\Database\MySQLi\Connection.php on line 327.
 1 SYSTEMPATH\Database\MySQLi\Connection.php(327): mysqli->query('INSERT INTO `estados` (`codigo_estado`, `nombre`) VALUES (NULL, \'perfecto\')', 0)
 2 SYSTEMPATH\Database\BaseConnection.php(729): CodeIgniter\Database\MySQLi\Connection->execute('INSERT INTO `estados` (`codigo_estado`, `nombre`) VALUES (NULL, \'perfecto\')')
 3 SYSTEMPATH\Database\BaseConnection.php(646): CodeIgniter\Database\BaseConnection->simpleQuery('INSERT INTO `estados` (`codigo_estado`, `nombre`) VALUES (NULL, \'perfecto\')')
 4 SYSTEMPATH\Database\BaseBuilder.php(2345): CodeIgniter\Database\BaseConnection->query('INSERT INTO `estados` (`codigo_estado`, `nombre`) VALUES (:codigo_estado:, :nombre:)', [...], false)
 5 SYSTEMPATH\Model.php(394): CodeIgniter\Database\BaseBuilder->insert()
 6 SYSTEMPATH\BaseModel.php(838): CodeIgniter\Model->doInsert([...])
 7 SYSTEMPATH\Model.php(797): CodeIgniter\BaseModel->insert([...], true)
 8 APPPATH\Controllers\EstadosController.php(32): CodeIgniter\Model->insert([...])
 9 SYSTEMPATH\CodeIgniter.php(933): App\Controllers\EstadosController->agregarEstado()
10 SYSTEMPATH\CodeIgniter.php(507): CodeIgniter\CodeIgniter->runController(Object(App\Controllers\EstadosController))
11 SYSTEMPATH\CodeIgniter.php(354): CodeIgniter\CodeIgniter->handleRequest(null, Object(Config\Cache), false)
12 SYSTEMPATH\Boot.php(363): CodeIgniter\CodeIgniter->run()
13 SYSTEMPATH\Boot.php(68): CodeIgniter\Boot::runCodeIgniter(Object(CodeIgniter\CodeIgniter))
14 FCPATH\index.php(59): CodeIgniter\Boot::bootWeb(Object(Config\Paths))
ERROR - 2025-08-24 02:24:40 --> mysqli_sql_exception: Column 'codigo_estado' cannot be null in C:\xampp\htdocs\pp2025\ci4_biblioteca\system\Database\MySQLi\Connection.php:327
Stack trace:
#0 C:\xampp\htdocs\pp2025\ci4_biblioteca\system\Database\MySQLi\Connection.php(327): mysqli->query('INSERT INTO `es...', 0)
#1 C:\xampp\htdocs\pp2025\ci4_biblioteca\system\Database\BaseConnection.php(729): CodeIgniter\Database\MySQLi\Connection->execute('INSERT INTO `es...')
#2 C:\xampp\htdocs\pp2025\ci4_biblioteca\system\Database\BaseConnection.php(646): CodeIgniter\Database\BaseConnection->simpleQuery('INSERT INTO `es...')
#3 C:\xampp\htdocs\pp2025\ci4_biblioteca\system\Database\BaseBuilder.php(2345): CodeIgniter\Database\BaseConnection->query('INSERT INTO `es...', Array, false)
#4 C:\xampp\htdocs\pp2025\ci4_biblioteca\system\Model.php(394): CodeIgniter\Database\BaseBuilder->insert()
#5 C:\xampp\htdocs\pp2025\ci4_biblioteca\system\BaseModel.php(838): CodeIgniter\Model->doInsert(Array)
#6 C:\xampp\htdocs\pp2025\ci4_biblioteca\system\Model.php(797): CodeIgniter\BaseModel->insert(Array, true)
#7 C:\xampp\htdocs\pp2025\ci4_biblioteca\app\Controllers\EstadosController.php(32): CodeIgniter\Model->insert(Array)
#8 C:\xampp\htdocs\pp2025\ci4_biblioteca\system\CodeIgniter.php(933): App\Controllers\EstadosController->agregarEstado()
#9 C:\xampp\htdocs\pp2025\ci4_biblioteca\system\CodeIgniter.php(507): CodeIgniter\CodeIgniter->runController(Object(App\Controllers\EstadosController))
#10 C:\xampp\htdocs\pp2025\ci4_biblioteca\system\CodeIgniter.php(354): CodeIgniter\CodeIgniter->handleRequest(NULL, Object(Config\Cache), false)
#11 C:\xampp\htdocs\pp2025\ci4_biblioteca\system\Boot.php(363): CodeIgniter\CodeIgniter->run()
#12 C:\xampp\htdocs\pp2025\ci4_biblioteca\system\Boot.php(68): CodeIgniter\Boot::runCodeIgniter(Object(CodeIgniter\CodeIgniter))
#13 C:\xampp\htdocs\pp2025\ci4_biblioteca\public\index.php(59): CodeIgniter\Boot::bootWeb(Object(Config\Paths))
#14 {main}
CRITICAL - 2025-08-24 02:24:40 --> CodeIgniter\Database\Exceptions\DatabaseException: Column 'codigo_estado' cannot be null
[Method: POST, Route: agregar_estado]
in SYSTEMPATH\Database\BaseConnection.php on line 684.
 1 SYSTEMPATH\Database\BaseBuilder.php(2345): CodeIgniter\Database\BaseConnection->query('INSERT INTO `estados` (`codigo_estado`, `nombre`) VALUES (:codigo_estado:, :nombre:)', [...], false)
 2 SYSTEMPATH\Model.php(394): CodeIgniter\Database\BaseBuilder->insert()
 3 SYSTEMPATH\BaseModel.php(838): CodeIgniter\Model->doInsert([...])
 4 SYSTEMPATH\Model.php(797): CodeIgniter\BaseModel->insert([...], true)
 5 APPPATH\Controllers\EstadosController.php(32): CodeIgniter\Model->insert([...])
 6 SYSTEMPATH\CodeIgniter.php(933): App\Controllers\EstadosController->agregarEstado()
 7 SYSTEMPATH\CodeIgniter.php(507): CodeIgniter\CodeIgniter->runController(Object(App\Controllers\EstadosController))
 8 SYSTEMPATH\CodeIgniter.php(354): CodeIgniter\CodeIgniter->handleRequest(null, Object(Config\Cache), false)
 9 SYSTEMPATH\Boot.php(363): CodeIgniter\CodeIgniter->run()
10 SYSTEMPATH\Boot.php(68): CodeIgniter\Boot::runCodeIgniter(Object(CodeIgniter\CodeIgniter))
11 FCPATH\index.php(59): CodeIgniter\Boot::bootWeb(Object(Config\Paths))
CRITICAL - 2025-08-24 02:24:40 --> [Caused by] CodeIgniter\Database\Exceptions\DatabaseException: Column 'codigo_estado' cannot be null
in SYSTEMPATH\Database\MySQLi\Connection.php on line 332.
 1 SYSTEMPATH\Database\BaseConnection.php(729): CodeIgniter\Database\MySQLi\Connection->execute('INSERT INTO `estados` (`codigo_estado`, `nombre`) VALUES (NULL, \'perfecto\')')
 2 SYSTEMPATH\Database\BaseConnection.php(646): CodeIgniter\Database\BaseConnection->simpleQuery('INSERT INTO `estados` (`codigo_estado`, `nombre`) VALUES (NULL, \'perfecto\')')
 3 SYSTEMPATH\Database\BaseBuilder.php(2345): CodeIgniter\Database\BaseConnection->query('INSERT INTO `estados` (`codigo_estado`, `nombre`) VALUES (:codigo_estado:, :nombre:)', [...], false)
 4 SYSTEMPATH\Model.php(394): CodeIgniter\Database\BaseBuilder->insert()
 5 SYSTEMPATH\BaseModel.php(838): CodeIgniter\Model->doInsert([...])
 6 SYSTEMPATH\Model.php(797): CodeIgniter\BaseModel->insert([...], true)
 7 APPPATH\Controllers\EstadosController.php(32): CodeIgniter\Model->insert([...])
 8 SYSTEMPATH\CodeIgniter.php(933): App\Controllers\EstadosController->agregarEstado()
 9 SYSTEMPATH\CodeIgniter.php(507): CodeIgniter\CodeIgniter->runController(Object(App\Controllers\EstadosController))
10 SYSTEMPATH\CodeIgniter.php(354): CodeIgniter\CodeIgniter->handleRequest(null, Object(Config\Cache), false)
11 SYSTEMPATH\Boot.php(363): CodeIgniter\CodeIgniter->run()
12 SYSTEMPATH\Boot.php(68): CodeIgniter\Boot::runCodeIgniter(Object(CodeIgniter\CodeIgniter))
13 FCPATH\index.php(59): CodeIgniter\Boot::bootWeb(Object(Config\Paths))
CRITICAL - 2025-08-24 02:24:40 --> [Caused by] mysqli_sql_exception: Column 'codigo_estado' cannot be null
in SYSTEMPATH\Database\MySQLi\Connection.php on line 327.
 1 SYSTEMPATH\Database\MySQLi\Connection.php(327): mysqli->query('INSERT INTO `estados` (`codigo_estado`, `nombre`) VALUES (NULL, \'perfecto\')', 0)
 2 SYSTEMPATH\Database\BaseConnection.php(729): CodeIgniter\Database\MySQLi\Connection->execute('INSERT INTO `estados` (`codigo_estado`, `nombre`) VALUES (NULL, \'perfecto\')')
 3 SYSTEMPATH\Database\BaseConnection.php(646): CodeIgniter\Database\BaseConnection->simpleQuery('INSERT INTO `estados` (`codigo_estado`, `nombre`) VALUES (NULL, \'perfecto\')')
 4 SYSTEMPATH\Database\BaseBuilder.php(2345): CodeIgniter\Database\BaseConnection->query('INSERT INTO `estados` (`codigo_estado`, `nombre`) VALUES (:codigo_estado:, :nombre:)', [...], false)
 5 SYSTEMPATH\Model.php(394): CodeIgniter\Database\BaseBuilder->insert()
 6 SYSTEMPATH\BaseModel.php(838): CodeIgniter\Model->doInsert([...])
 7 SYSTEMPATH\Model.php(797): CodeIgniter\BaseModel->insert([...], true)
 8 APPPATH\Controllers\EstadosController.php(32): CodeIgniter\Model->insert([...])
 9 SYSTEMPATH\CodeIgniter.php(933): App\Controllers\EstadosController->agregarEstado()
10 SYSTEMPATH\CodeIgniter.php(507): CodeIgniter\CodeIgniter->runController(Object(App\Controllers\EstadosController))
11 SYSTEMPATH\CodeIgniter.php(354): CodeIgniter\CodeIgniter->handleRequest(null, Object(Config\Cache), false)
12 SYSTEMPATH\Boot.php(363): CodeIgniter\CodeIgniter->run()
13 SYSTEMPATH\Boot.php(68): CodeIgniter\Boot::runCodeIgniter(Object(CodeIgniter\CodeIgniter))
14 FCPATH\index.php(59): CodeIgniter\Boot::bootWeb(Object(Config\Paths))
ERROR - 2025-08-24 02:24:54 --> mysqli_sql_exception: Column 'codigo_estado' cannot be null in C:\xampp\htdocs\pp2025\ci4_biblioteca\system\Database\MySQLi\Connection.php:327
Stack trace:
#0 C:\xampp\htdocs\pp2025\ci4_biblioteca\system\Database\MySQLi\Connection.php(327): mysqli->query('INSERT INTO `es...', 0)
#1 C:\xampp\htdocs\pp2025\ci4_biblioteca\system\Database\BaseConnection.php(729): CodeIgniter\Database\MySQLi\Connection->execute('INSERT INTO `es...')
#2 C:\xampp\htdocs\pp2025\ci4_biblioteca\system\Database\BaseConnection.php(646): CodeIgniter\Database\BaseConnection->simpleQuery('INSERT INTO `es...')
#3 C:\xampp\htdocs\pp2025\ci4_biblioteca\system\Database\BaseBuilder.php(2345): CodeIgniter\Database\BaseConnection->query('INSERT INTO `es...', Array, false)
#4 C:\xampp\htdocs\pp2025\ci4_biblioteca\system\Model.php(394): CodeIgniter\Database\BaseBuilder->insert()
#5 C:\xampp\htdocs\pp2025\ci4_biblioteca\system\BaseModel.php(838): CodeIgniter\Model->doInsert(Array)
#6 C:\xampp\htdocs\pp2025\ci4_biblioteca\system\Model.php(797): CodeIgniter\BaseModel->insert(Array, true)
#7 C:\xampp\htdocs\pp2025\ci4_biblioteca\app\Controllers\EstadosController.php(32): CodeIgniter\Model->insert(Array)
#8 C:\xampp\htdocs\pp2025\ci4_biblioteca\system\CodeIgniter.php(933): App\Controllers\EstadosController->agregarEstado()
#9 C:\xampp\htdocs\pp2025\ci4_biblioteca\system\CodeIgniter.php(507): CodeIgniter\CodeIgniter->runController(Object(App\Controllers\EstadosController))
#10 C:\xampp\htdocs\pp2025\ci4_biblioteca\system\CodeIgniter.php(354): CodeIgniter\CodeIgniter->handleRequest(NULL, Object(Config\Cache), false)
#11 C:\xampp\htdocs\pp2025\ci4_biblioteca\system\Boot.php(363): CodeIgniter\CodeIgniter->run()
#12 C:\xampp\htdocs\pp2025\ci4_biblioteca\system\Boot.php(68): CodeIgniter\Boot::runCodeIgniter(Object(CodeIgniter\CodeIgniter))
#13 C:\xampp\htdocs\pp2025\ci4_biblioteca\public\index.php(59): CodeIgniter\Boot::bootWeb(Object(Config\Paths))
#14 {main}
CRITICAL - 2025-08-24 02:24:54 --> CodeIgniter\Database\Exceptions\DatabaseException: Column 'codigo_estado' cannot be null
[Method: POST, Route: agregar_estado]
in SYSTEMPATH\Database\BaseConnection.php on line 684.
 1 SYSTEMPATH\Database\BaseBuilder.php(2345): CodeIgniter\Database\BaseConnection->query('INSERT INTO `estados` (`codigo_estado`, `nombre`) VALUES (:codigo_estado:, :nombre:)', [...], false)
 2 SYSTEMPATH\Model.php(394): CodeIgniter\Database\BaseBuilder->insert()
 3 SYSTEMPATH\BaseModel.php(838): CodeIgniter\Model->doInsert([...])
 4 SYSTEMPATH\Model.php(797): CodeIgniter\BaseModel->insert([...], true)
 5 APPPATH\Controllers\EstadosController.php(32): CodeIgniter\Model->insert([...])
 6 SYSTEMPATH\CodeIgniter.php(933): App\Controllers\EstadosController->agregarEstado()
 7 SYSTEMPATH\CodeIgniter.php(507): CodeIgniter\CodeIgniter->runController(Object(App\Controllers\EstadosController))
 8 SYSTEMPATH\CodeIgniter.php(354): CodeIgniter\CodeIgniter->handleRequest(null, Object(Config\Cache), false)
 9 SYSTEMPATH\Boot.php(363): CodeIgniter\CodeIgniter->run()
10 SYSTEMPATH\Boot.php(68): CodeIgniter\Boot::runCodeIgniter(Object(CodeIgniter\CodeIgniter))
11 FCPATH\index.php(59): CodeIgniter\Boot::bootWeb(Object(Config\Paths))
CRITICAL - 2025-08-24 02:24:54 --> [Caused by] CodeIgniter\Database\Exceptions\DatabaseException: Column 'codigo_estado' cannot be null
in SYSTEMPATH\Database\MySQLi\Connection.php on line 332.
 1 SYSTEMPATH\Database\BaseConnection.php(729): CodeIgniter\Database\MySQLi\Connection->execute('INSERT INTO `estados` (`codigo_estado`, `nombre`) VALUES (NULL, \'baja\')')
 2 SYSTEMPATH\Database\BaseConnection.php(646): CodeIgniter\Database\BaseConnection->simpleQuery('INSERT INTO `estados` (`codigo_estado`, `nombre`) VALUES (NULL, \'baja\')')
 3 SYSTEMPATH\Database\BaseBuilder.php(2345): CodeIgniter\Database\BaseConnection->query('INSERT INTO `estados` (`codigo_estado`, `nombre`) VALUES (:codigo_estado:, :nombre:)', [...], false)
 4 SYSTEMPATH\Model.php(394): CodeIgniter\Database\BaseBuilder->insert()
 5 SYSTEMPATH\BaseModel.php(838): CodeIgniter\Model->doInsert([...])
 6 SYSTEMPATH\Model.php(797): CodeIgniter\BaseModel->insert([...], true)
 7 APPPATH\Controllers\EstadosController.php(32): CodeIgniter\Model->insert([...])
 8 SYSTEMPATH\CodeIgniter.php(933): App\Controllers\EstadosController->agregarEstado()
 9 SYSTEMPATH\CodeIgniter.php(507): CodeIgniter\CodeIgniter->runController(Object(App\Controllers\EstadosController))
10 SYSTEMPATH\CodeIgniter.php(354): CodeIgniter\CodeIgniter->handleRequest(null, Object(Config\Cache), false)
11 SYSTEMPATH\Boot.php(363): CodeIgniter\CodeIgniter->run()
12 SYSTEMPATH\Boot.php(68): CodeIgniter\Boot::runCodeIgniter(Object(CodeIgniter\CodeIgniter))
13 FCPATH\index.php(59): CodeIgniter\Boot::bootWeb(Object(Config\Paths))
CRITICAL - 2025-08-24 02:24:54 --> [Caused by] mysqli_sql_exception: Column 'codigo_estado' cannot be null
in SYSTEMPATH\Database\MySQLi\Connection.php on line 327.
 1 SYSTEMPATH\Database\MySQLi\Connection.php(327): mysqli->query('INSERT INTO `estados` (`codigo_estado`, `nombre`) VALUES (NULL, \'baja\')', 0)
 2 SYSTEMPATH\Database\BaseConnection.php(729): CodeIgniter\Database\MySQLi\Connection->execute('INSERT INTO `estados` (`codigo_estado`, `nombre`) VALUES (NULL, \'baja\')')
 3 SYSTEMPATH\Database\BaseConnection.php(646): CodeIgniter\Database\BaseConnection->simpleQuery('INSERT INTO `estados` (`codigo_estado`, `nombre`) VALUES (NULL, \'baja\')')
 4 SYSTEMPATH\Database\BaseBuilder.php(2345): CodeIgniter\Database\BaseConnection->query('INSERT INTO `estados` (`codigo_estado`, `nombre`) VALUES (:codigo_estado:, :nombre:)', [...], false)
 5 SYSTEMPATH\Model.php(394): CodeIgniter\Database\BaseBuilder->insert()
 6 SYSTEMPATH\BaseModel.php(838): CodeIgniter\Model->doInsert([...])
 7 SYSTEMPATH\Model.php(797): CodeIgniter\BaseModel->insert([...], true)
 8 APPPATH\Controllers\EstadosController.php(32): CodeIgniter\Model->insert([...])
 9 SYSTEMPATH\CodeIgniter.php(933): App\Controllers\EstadosController->agregarEstado()
10 SYSTEMPATH\CodeIgniter.php(507): CodeIgniter\CodeIgniter->runController(Object(App\Controllers\EstadosController))
11 SYSTEMPATH\CodeIgniter.php(354): CodeIgniter\CodeIgniter->handleRequest(null, Object(Config\Cache), false)
12 SYSTEMPATH\Boot.php(363): CodeIgniter\CodeIgniter->run()
13 SYSTEMPATH\Boot.php(68): CodeIgniter\Boot::runCodeIgniter(Object(CodeIgniter\CodeIgniter))
14 FCPATH\index.php(59): CodeIgniter\Boot::bootWeb(Object(Config\Paths))
ERROR - 2025-08-24 02:25:11 --> mysqli_sql_exception: Column 'codigo_estado' cannot be null in C:\xampp\htdocs\pp2025\ci4_biblioteca\system\Database\MySQLi\Connection.php:327
Stack trace:
#0 C:\xampp\htdocs\pp2025\ci4_biblioteca\system\Database\MySQLi\Connection.php(327): mysqli->query('INSERT INTO `es...', 0)
#1 C:\xampp\htdocs\pp2025\ci4_biblioteca\system\Database\BaseConnection.php(729): CodeIgniter\Database\MySQLi\Connection->execute('INSERT INTO `es...')
#2 C:\xampp\htdocs\pp2025\ci4_biblioteca\system\Database\BaseConnection.php(646): CodeIgniter\Database\BaseConnection->simpleQuery('INSERT INTO `es...')
#3 C:\xampp\htdocs\pp2025\ci4_biblioteca\system\Database\BaseBuilder.php(2345): CodeIgniter\Database\BaseConnection->query('INSERT INTO `es...', Array, false)
#4 C:\xampp\htdocs\pp2025\ci4_biblioteca\system\Model.php(394): CodeIgniter\Database\BaseBuilder->insert()
#5 C:\xampp\htdocs\pp2025\ci4_biblioteca\system\BaseModel.php(838): CodeIgniter\Model->doInsert(Array)
#6 C:\xampp\htdocs\pp2025\ci4_biblioteca\system\Model.php(797): CodeIgniter\BaseModel->insert(Array, true)
#7 C:\xampp\htdocs\pp2025\ci4_biblioteca\app\Controllers\EstadosController.php(32): CodeIgniter\Model->insert(Array)
#8 C:\xampp\htdocs\pp2025\ci4_biblioteca\system\CodeIgniter.php(933): App\Controllers\EstadosController->agregarEstado()
#9 C:\xampp\htdocs\pp2025\ci4_biblioteca\system\CodeIgniter.php(507): CodeIgniter\CodeIgniter->runController(Object(App\Controllers\EstadosController))
#10 C:\xampp\htdocs\pp2025\ci4_biblioteca\system\CodeIgniter.php(354): CodeIgniter\CodeIgniter->handleRequest(NULL, Object(Config\Cache), false)
#11 C:\xampp\htdocs\pp2025\ci4_biblioteca\system\Boot.php(363): CodeIgniter\CodeIgniter->run()
#12 C:\xampp\htdocs\pp2025\ci4_biblioteca\system\Boot.php(68): CodeIgniter\Boot::runCodeIgniter(Object(CodeIgniter\CodeIgniter))
#13 C:\xampp\htdocs\pp2025\ci4_biblioteca\public\index.php(59): CodeIgniter\Boot::bootWeb(Object(Config\Paths))
#14 {main}
CRITICAL - 2025-08-24 02:25:11 --> CodeIgniter\Database\Exceptions\DatabaseException: Column 'codigo_estado' cannot be null
[Method: POST, Route: agregar_estado]
in SYSTEMPATH\Database\BaseConnection.php on line 684.
 1 SYSTEMPATH\Database\BaseBuilder.php(2345): CodeIgniter\Database\BaseConnection->query('INSERT INTO `estados` (`codigo_estado`, `nombre`) VALUES (:codigo_estado:, :nombre:)', [...], false)
 2 SYSTEMPATH\Model.php(394): CodeIgniter\Database\BaseBuilder->insert()
 3 SYSTEMPATH\BaseModel.php(838): CodeIgniter\Model->doInsert([...])
 4 SYSTEMPATH\Model.php(797): CodeIgniter\BaseModel->insert([...], true)
 5 APPPATH\Controllers\EstadosController.php(32): CodeIgniter\Model->insert([...])
 6 SYSTEMPATH\CodeIgniter.php(933): App\Controllers\EstadosController->agregarEstado()
 7 SYSTEMPATH\CodeIgniter.php(507): CodeIgniter\CodeIgniter->runController(Object(App\Controllers\EstadosController))
 8 SYSTEMPATH\CodeIgniter.php(354): CodeIgniter\CodeIgniter->handleRequest(null, Object(Config\Cache), false)
 9 SYSTEMPATH\Boot.php(363): CodeIgniter\CodeIgniter->run()
10 SYSTEMPATH\Boot.php(68): CodeIgniter\Boot::runCodeIgniter(Object(CodeIgniter\CodeIgniter))
11 FCPATH\index.php(59): CodeIgniter\Boot::bootWeb(Object(Config\Paths))
CRITICAL - 2025-08-24 02:25:11 --> [Caused by] CodeIgniter\Database\Exceptions\DatabaseException: Column 'codigo_estado' cannot be null
in SYSTEMPATH\Database\MySQLi\Connection.php on line 332.
 1 SYSTEMPATH\Database\BaseConnection.php(729): CodeIgniter\Database\MySQLi\Connection->execute('INSERT INTO `estados` (`codigo_estado`, `nombre`) VALUES (NULL, \'bueno\')')
 2 SYSTEMPATH\Database\BaseConnection.php(646): CodeIgniter\Database\BaseConnection->simpleQuery('INSERT INTO `estados` (`codigo_estado`, `nombre`) VALUES (NULL, \'bueno\')')
 3 SYSTEMPATH\Database\BaseBuilder.php(2345): CodeIgniter\Database\BaseConnection->query('INSERT INTO `estados` (`codigo_estado`, `nombre`) VALUES (:codigo_estado:, :nombre:)', [...], false)
 4 SYSTEMPATH\Model.php(394): CodeIgniter\Database\BaseBuilder->insert()
 5 SYSTEMPATH\BaseModel.php(838): CodeIgniter\Model->doInsert([...])
 6 SYSTEMPATH\Model.php(797): CodeIgniter\BaseModel->insert([...], true)
 7 APPPATH\Controllers\EstadosController.php(32): CodeIgniter\Model->insert([...])
 8 SYSTEMPATH\CodeIgniter.php(933): App\Controllers\EstadosController->agregarEstado()
 9 SYSTEMPATH\CodeIgniter.php(507): CodeIgniter\CodeIgniter->runController(Object(App\Controllers\EstadosController))
10 SYSTEMPATH\CodeIgniter.php(354): CodeIgniter\CodeIgniter->handleRequest(null, Object(Config\Cache), false)
11 SYSTEMPATH\Boot.php(363): CodeIgniter\CodeIgniter->run()
12 SYSTEMPATH\Boot.php(68): CodeIgniter\Boot::runCodeIgniter(Object(CodeIgniter\CodeIgniter))
13 FCPATH\index.php(59): CodeIgniter\Boot::bootWeb(Object(Config\Paths))
CRITICAL - 2025-08-24 02:25:11 --> [Caused by] mysqli_sql_exception: Column 'codigo_estado' cannot be null
in SYSTEMPATH\Database\MySQLi\Connection.php on line 327.
 1 SYSTEMPATH\Database\MySQLi\Connection.php(327): mysqli->query('INSERT INTO `estados` (`codigo_estado`, `nombre`) VALUES (NULL, \'bueno\')', 0)
 2 SYSTEMPATH\Database\BaseConnection.php(729): CodeIgniter\Database\MySQLi\Connection->execute('INSERT INTO `estados` (`codigo_estado`, `nombre`) VALUES (NULL, \'bueno\')')
 3 SYSTEMPATH\Database\BaseConnection.php(646): CodeIgniter\Database\BaseConnection->simpleQuery('INSERT INTO `estados` (`codigo_estado`, `nombre`) VALUES (NULL, \'bueno\')')
 4 SYSTEMPATH\Database\BaseBuilder.php(2345): CodeIgniter\Database\BaseConnection->query('INSERT INTO `estados` (`codigo_estado`, `nombre`) VALUES (:codigo_estado:, :nombre:)', [...], false)
 5 SYSTEMPATH\Model.php(394): CodeIgniter\Database\BaseBuilder->insert()
 6 SYSTEMPATH\BaseModel.php(838): CodeIgniter\Model->doInsert([...])
 7 SYSTEMPATH\Model.php(797): CodeIgniter\BaseModel->insert([...], true)
 8 APPPATH\Controllers\EstadosController.php(32): CodeIgniter\Model->insert([...])
 9 SYSTEMPATH\CodeIgniter.php(933): App\Controllers\EstadosController->agregarEstado()
10 SYSTEMPATH\CodeIgniter.php(507): CodeIgniter\CodeIgniter->runController(Object(App\Controllers\EstadosController))
11 SYSTEMPATH\CodeIgniter.php(354): CodeIgniter\CodeIgniter->handleRequest(null, Object(Config\Cache), false)
12 SYSTEMPATH\Boot.php(363): CodeIgniter\CodeIgniter->run()
13 SYSTEMPATH\Boot.php(68): CodeIgniter\Boot::runCodeIgniter(Object(CodeIgniter\CodeIgniter))
14 FCPATH\index.php(59): CodeIgniter\Boot::bootWeb(Object(Config\Paths))
